<?xml version="1.0" encoding="UTF-8"?>
<!-- Generated by org.testng.reporters.JUnitReportReporter -->
<testsuite hostname="LAPTOP-OP5S0AE4" failures="0" tests="1" name="TestCase01.SampleTestCase" time="31.025" errors="0" timestamp="2025-04-18T22:24:52 IST" skipped="0">
  <testcase classname="TestCase01.SampleTestCase" name="LoginFunctionality" time="31.025"/>
  <system-out/>
</testsuite> <!-- TestCase01.SampleTestCase -->
